17:09:24 **** Incremental Build of configuration Debug for project EXAM1 ****
Info: Internal Builder is used for build
gcc -o EXAM1.exe main.o 
c:/mingw/bin/../lib/gcc/mingw32/6.3.0/../../../../mingw32/bin/ld.exe: cannot open output file EXAM1.exe: Permission denied
collect2.exe: error: ld returned 1 exit status
17:09:38 **** Building Selected Files of configuration Debug for project EXAM1 ****
Info: Internal Builder is used for build
gcc -O0 -g3 -Wall -c -fmessage-length=0 -o main.o "..\\main.c" 
..\main.c:8:6: warning: return type of 'main' is not 'int' [-Wmain]
 void main(){
      ^~~~
17:09:44 **** Incremental Build of configuration Debug for project EXAM1 ****
Info: Internal Builder is used for build
gcc -O0 -g3 -Wall -c -fmessage-length=0 -o main.o "..\\main.c" 
..\main.c:8:6: warning: return type of 'main' is not 'int' [-Wmain]
 void main(){
      ^~~~
gcc -o EXAM1.exe main.o 
c:/mingw/bin/../lib/gcc/mingw32/6.3.0/../../../../mingw32/bin/ld.exe: cannot open output file EXAM1.exe: Permission denied
collect2.exe: error: ld returned 1 exit status
17:10:43 **** Incremental Build of configuration Debug for project EXAM1 ****
Info: Internal Builder is used for build
gcc -o EXAM1.exe main.o 
c:/mingw/bin/../lib/gcc/mingw32/6.3.0/../../../../mingw32/bin/ld.exe: cannot open output file EXAM1.exe: Permission denied
collect2.exe: error: ld returned 1 exit status
